[debug] [2021-01-04T15:16:35.286Z] ----------------------------------------------------------------------
[debug] [2021-01-04T15:16:35.290Z] Command:       C:\Program Files\nodejs\node.exe C:\Users\tanis\AppData\Roaming\npm\node_modules\firebase-tools\lib\bin\firebase.js init
[debug] [2021-01-04T15:16:35.290Z] CLI Version:   9.1.0
[debug] [2021-01-04T15:16:35.290Z] Platform:      win32
[debug] [2021-01-04T15:16:35.291Z] Node Version:  v12.19.0
[debug] [2021-01-04T15:16:35.292Z] Time:          Mon Jan 04 2021 20:46:35 GMT+0530 (India Standard Time)
[debug] [2021-01-04T15:16:35.292Z] ----------------------------------------------------------------------
[debug] [2021-01-04T15:16:35.293Z] 
[debug] [2021-01-04T15:16:35.296Z] >>> [apiv2][query] GET https://firebase-public.firebaseio.com/cli.json [none]
[debug] [2021-01-04T15:16:35.326Z] > command requires scopes: ["email","openid","https://www.googleapis.com/auth/cloudplatformprojects.readonly","https://www.googleapis.com/auth/firebase","https://www.googleapis.com/auth/cloud-platform"]
[debug] [2021-01-04T15:16:35.327Z] > authorizing via signed-in user
[info] 
     ######## #### ########  ######## ########     ###     ######  ########
     ##        ##  ##     ## ##       ##     ##  ##   ##  ##       ##
     ######    ##  ########  ######   ########  #########  ######  ######
     ##        ##  ##    ##  ##       ##     ## ##     ##       ## ##
     ##       #### ##     ## ######## ########  ##     ##  ######  ########

You're about to initialize a Firebase project in this directory:

  C:\Users\tanis\FirstGame

Before we get started, keep in mind:

  * You are initializing in an existing Firebase project directory

[debug] [2021-01-04T15:16:36.311Z] <<< [apiv2][status] GET https://firebase-public.firebaseio.com/cli.json 200
[debug] [2021-01-04T15:16:36.311Z] <<< [apiv2][body] GET https://firebase-public.firebaseio.com/cli.json {"cloudBuildErrorAfter":1594252800000,"cloudBuildWarnAfter":1590019200000,"defaultNode10After":1594252800000,"minVersion":"3.0.5","node8DeploysDisabledAfter":1613390400000,"node8RuntimeDisabledAfter":1615809600000,"node8WarnAfter":1600128000000}
